# JRE version: OpenJDK Runtime Environment (8.0_202-b03) (build 1.8.0_202-release-1483-b03)
# Java VM: OpenJDK 64-Bit Server VM (25.202-b03 mixed mode windows-amd64 compressed oops)
Heap:
 PSYoungGen      total 397824K, used 251758K [0x00000000e0000000, 0x00000000fdc80000, 0x0000000100000000)
  eden space 372736K, 62% used [0x00000000e0000000,0x00000000ee4887a8,0x00000000f6c00000)
  from space 25088K, 70% used [0x00000000f6c00000,0x00000000f7d53418,0x00000000f8480000)
  to   space 25600K, 0% used [0x00000000fc380000,0x00000000fc380000,0x00000000fdc80000)
 ParOldGen       total 133632K, used 46035K [0x00000000a0000000, 0x00000000a8280000, 0x00000000e0000000)
  object space 133632K, 34% used [0x00000000a0000000,0x00000000a2cf4de0,0x00000000a8280000)
 Metaspace       used 74782K, capacity 77964K, committed 78040K, reserved 1116160K
  class space    used 9812K, capacity 10447K, committed 10496K, reserved 1048576K
GC Heap History (10 events):
Event: 107.157 GC heap before
{Heap before GC invocations=16 (full 3):
 PSYoungGen      total 272384K, used 261520K [0x00000000e0000000, 0x00000000f2200000, 0x0000000100000000)
  eden space 250880K, 100% used [0x00000000e0000000,0x00000000ef500000,0x00000000ef500000)
  from space 21504K, 49% used [0x00000000f0d00000,0x00000000f17641f0,0x00000000f2200000)
  to   space 23040K, 0% used [0x00000000ef500000,0x00000000ef500000,0x00000000f0b80000)
 ParOldGen       total 133632K, used 45995K [0x00000000a0000000, 0x00000000a8280000, 0x00000000e0000000)
  object space 133632K, 34% used [0x00000000a0000000,0x00000000a2ceade0,0x00000000a8280000)
 Metaspace       used 72464K, capacity 75428K, committed 75736K, reserved 1114112K
  class space    used 9599K, capacity 10177K, committed 10240K, reserved 1048576K
Event: 107.176 GC heap after
Heap after GC invocations=16 (full 3):
 PSYoungGen      total 273920K, used 12031K [0x00000000e0000000, 0x00000000f4d00000, 0x0000000100000000)
  eden space 250880K, 0% used [0x00000000e0000000,0x00000000e0000000,0x00000000ef500000)
  from space 23040K, 52% used [0x00000000ef500000,0x00000000f00bffc8,0x00000000f0b80000)
  to   space 22016K, 0% used [0x00000000f3780000,0x00000000f3780000,0x00000000f4d00000)
 ParOldGen       total 133632K, used 46003K [0x00000000a0000000, 0x00000000a8280000, 0x00000000e0000000)
  object space 133632K, 34% used [0x00000000a0000000,0x00000000a2cecde0,0x00000000a8280000)
 Metaspace       used 72464K, capacity 75428K, committed 75736K, reserved 1114112K
  class space    used 9599K, capacity 10177K, committed 10240K, reserved 1048576K
}
Event: 108.208 GC heap before
{Heap before GC invocations=17 (full 3):
 PSYoungGen      total 273920K, used 262911K [0x00000000e0000000, 0x00000000f4d00000, 0x0000000100000000)
  eden space 250880K, 100% used [0x00000000e0000000,0x00000000ef500000,0x00000000ef500000)
  from space 23040K, 52% used [0x00000000ef500000,0x00000000f00bffc8,0x00000000f0b80000)
  to   space 22016K, 0% used [0x00000000f3780000,0x00000000f3780000,0x00000000f4d00000)
 ParOldGen       total 133632K, used 46003K [0x00000000a0000000, 0x00000000a8280000, 0x00000000e0000000)
  object space 133632K, 34% used [0x00000000a0000000,0x00000000a2cecde0,0x00000000a8280000)
 Metaspace       used 72589K, capacity 75508K, committed 75736K, reserved 1114112K
  class space    used 9602K, capacity 10179K, committed 10240K, reserved 1048576K
Event: 108.252 GC heap after
Heap after GC invocations=17 (full 3):
 PSYoungGen      total 319488K, used 12606K [0x00000000e0000000, 0x00000000f5a00000, 0x0000000100000000)
  eden space 297472K, 0% used [0x00000000e0000000,0x00000000e0000000,0x00000000f2280000)
  from space 22016K, 57% used [0x00000000f3780000,0x00000000f43cf9a0,0x00000000f4d00000)
  to   space 21504K, 0% used [0x00000000f2280000,0x00000000f2280000,0x00000000f3780000)
 ParOldGen       total 133632K, used 46011K [0x00000000a0000000, 0x00000000a8280000, 0x00000000e0000000)
  object space 133632K, 34% used [0x00000000a0000000,0x00000000a2ceede0,0x00000000a8280000)
 Metaspace       used 72589K, capacity 75508K, committed 75736K, reserved 1114112K
  class space    used 9602K, capacity 10179K, committed 10240K, reserved 1048576K
}
Event: 110.033 GC heap before
{Heap before GC invocations=18 (full 3):
 PSYoungGen      total 319488K, used 310078K [0x00000000e0000000, 0x00000000f5a00000, 0x0000000100000000)
  eden space 297472K, 100% used [0x00000000e0000000,0x00000000f2280000,0x00000000f2280000)
  from space 22016K, 57% used [0x00000000f3780000,0x00000000f43cf9a0,0x00000000f4d00000)
  to   space 21504K, 0% used [0x00000000f2280000,0x00000000f2280000,0x00000000f3780000)
 ParOldGen       total 133632K, used 46011K [0x00000000a0000000, 0x00000000a8280000, 0x00000000e0000000)
  object space 133632K, 34% used [0x00000000a0000000,0x00000000a2ceede0,0x00000000a8280000)
 Metaspace       used 73292K, capacity 76272K, committed 76504K, reserved 1116160K
  class space    used 9633K, capacity 10211K, committed 10240K, reserved 1048576K
Event: 110.088 GC heap after
Heap after GC invocations=18 (full 3):
 PSYoungGen      total 318976K, used 19983K [0x00000000e0000000, 0x00000000f9b80000, 0x0000000100000000)
  eden space 297472K, 0% used [0x00000000e0000000,0x00000000e0000000,0x00000000f2280000)
  from space 21504K, 92% used [0x00000000f2280000,0x00000000f3603e08,0x00000000f3780000)
  to   space 23552K, 0% used [0x00000000f8480000,0x00000000f8480000,0x00000000f9b80000)
 ParOldGen       total 133632K, used 46019K [0x00000000a0000000, 0x00000000a8280000, 0x00000000e0000000)
  object space 133632K, 34% used [0x00000000a0000000,0x00000000a2cf0de0,0x00000000a8280000)
 Metaspace       used 73292K, capacity 76272K, committed 76504K, reserved 1116160K
  class space    used 9633K, capacity 10211K, committed 10240K, reserved 1048576K
}
Event: 111.891 GC heap before
{Heap before GC invocations=19 (full 3):
 PSYoungGen      total 318976K, used 317455K [0x00000000e0000000, 0x00000000f9b80000, 0x0000000100000000)
  eden space 297472K, 100% used [0x00000000e0000000,0x00000000f2280000,0x00000000f2280000)
  from space 21504K, 92% used [0x00000000f2280000,0x00000000f3603e08,0x00000000f3780000)
  to   space 23552K, 0% used [0x00000000f8480000,0x00000000f8480000,0x00000000f9b80000)
 ParOldGen       total 133632K, used 46019K [0x00000000a0000000, 0x00000000a8280000, 0x00000000e0000000)
  object space 133632K, 34% used [0x00000000a0000000,0x00000000a2cf0de0,0x00000000a8280000)
 Metaspace       used 73878K, capacity 76986K, committed 77144K, reserved 1116160K
  class space    used 9700K, capacity 10338K, committed 10368K, reserved 1048576K
Event: 111.932 GC heap after
Heap after GC invocations=19 (full 3):
 PSYoungGen      total 396288K, used 19311K [0x00000000e0000000, 0x00000000f9e00000, 0x0000000100000000)
  eden space 372736K, 0% used [0x00000000e0000000,0x00000000e0000000,0x00000000f6c00000)
  from space 23552K, 81% used [0x00000000f8480000,0x00000000f975bd88,0x00000000f9b80000)
  to   space 25088K, 0% used [0x00000000f6c00000,0x00000000f6c00000,0x00000000f8480000)
 ParOldGen       total 133632K, used 46027K [0x00000000a0000000, 0x00000000a8280000, 0x00000000e0000000)
  object space 133632K, 34% used [0x00000000a0000000,0x00000000a2cf2de0,0x00000000a8280000)
 Metaspace       used 73878K, capacity 76986K, committed 77144K, reserved 1116160K
  class space    used 9700K, capacity 10338K, committed 10368K, reserved 1048576K
}
Event: 113.932 GC heap before
{Heap before GC invocations=20 (full 3):
 PSYoungGen      total 396288K, used 392047K [0x00000000e0000000, 0x00000000f9e00000, 0x0000000100000000)
  eden space 372736K, 100% used [0x00000000e0000000,0x00000000f6c00000,0x00000000f6c00000)
  from space 23552K, 81% used [0x00000000f8480000,0x00000000f975bd88,0x00000000f9b80000)
  to   space 25088K, 0% used [0x00000000f6c00000,0x00000000f6c00000,0x00000000f8480000)
 ParOldGen       total 133632K, used 46027K [0x00000000a0000000, 0x00000000a8280000, 0x00000000e0000000)
  object space 133632K, 34% used [0x00000000a0000000,0x00000000a2cf2de0,0x00000000a8280000)
 Metaspace       used 73990K, capacity 77114K, committed 77144K, reserved 1116160K
  class space    used 9700K, capacity 10338K, committed 10368K, reserved 1048576K
Event: 113.978 GC heap after
Heap after GC invocations=20 (full 3):
 PSYoungGen      total 397824K, used 17741K [0x00000000e0000000, 0x00000000fdc80000, 0x0000000100000000)
  eden space 372736K, 0% used [0x00000000e0000000,0x00000000e0000000,0x00000000f6c00000)
  from space 25088K, 70% used [0x00000000f6c00000,0x00000000f7d53418,0x00000000f8480000)
  to   space 25600K, 0% used [0x00000000fc380000,0x00000000fc380000,0x00000000fdc80000)
 ParOldGen       total 133632K, used 46035K [0x00000000a0000000, 0x00000000a8280000, 0x00000000e0000000)
  object space 133632K, 34% used [0x00000000a0000000,0x00000000a2cf4de0,0x00000000a8280000)
 Metaspace       used 73990K, capacity 77114K, committed 77144K, reserved 1116160K
  class space    used 9700K, capacity 10338K, committed 10368K, reserved 1048576K
}

