# JRE version: OpenJDK Runtime Environment (8.0_202-b03) (build 1.8.0_202-release-1483-b03)
# Java VM: OpenJDK 64-Bit Server VM (25.202-b03 mixed mode windows-amd64 compressed oops)
Heap:
 PSYoungGen      total 372736K, used 37991K [0x00000000e0000000, 0x00000000fdb00000, 0x0000000100000000)
  eden space 344576K, 3% used [0x00000000e0000000,0x00000000e0cb8998,0x00000000f5080000)
  from space 28160K, 88% used [0x00000000fbf80000,0x00000000fd7e1318,0x00000000fdb00000)
  to   space 26112K, 0% used [0x00000000f5080000,0x00000000f5080000,0x00000000f6a00000)
 ParOldGen       total 116736K, used 49889K [0x00000000a0000000, 0x00000000a7200000, 0x00000000e0000000)
  object space 116736K, 42% used [0x00000000a0000000,0x00000000a30b8660,0x00000000a7200000)
 Metaspace       used 83175K, capacity 86498K, committed 86616K, reserved 1124352K
  class space    used 10669K, capacity 11318K, committed 11392K, reserved 1048576K
GC Heap History (10 events):
Event: 140.046 GC heap before
{Heap before GC invocations=15 (full 3):
 PSYoungGen      total 258048K, used 252608K [0x00000000e0000000, 0x00000000f4c80000, 0x0000000100000000)
  eden space 237056K, 100% used [0x00000000e0000000,0x00000000ee780000,0x00000000ee780000)
  from space 20992K, 74% used [0x00000000ee780000,0x00000000ef6b02f0,0x00000000efc00000)
  to   space 22016K, 0% used [0x00000000f3700000,0x00000000f3700000,0x00000000f4c80000)
 ParOldGen       total 116736K, used 33234K [0x00000000a0000000, 0x00000000a7200000, 0x00000000e0000000)
  object space 116736K, 28% used [0x00000000a0000000,0x00000000a20748c8,0x00000000a7200000)
 Metaspace       used 70851K, capacity 72986K, committed 73304K, reserved 1112064K
  class space    used 9203K, capacity 9742K, committed 9856K, reserved 1048576K
Event: 140.093 GC heap after
Heap after GC invocations=15 (full 3):
 PSYoungGen      total 300032K, used 12497K [0x00000000e0000000, 0x00000000f4380000, 0x0000000100000000)
  eden space 287232K, 0% used [0x00000000e0000000,0x00000000e0000000,0x00000000f1880000)
  from space 12800K, 97% used [0x00000000f3700000,0x00000000f43344c8,0x00000000f4380000)
  to   space 21504K, 0% used [0x00000000f1980000,0x00000000f1980000,0x00000000f2e80000)
 ParOldGen       total 116736K, used 33242K [0x00000000a0000000, 0x00000000a7200000, 0x00000000e0000000)
  object space 116736K, 28% used [0x00000000a0000000,0x00000000a20768c8,0x00000000a7200000)
 Metaspace       used 70851K, capacity 72986K, committed 73304K, reserved 1112064K
  class space    used 9203K, capacity 9742K, committed 9856K, reserved 1048576K
}
Event: 147.328 GC heap before
{Heap before GC invocations=16 (full 3):
 PSYoungGen      total 300032K, used 299729K [0x00000000e0000000, 0x00000000f4380000, 0x0000000100000000)
  eden space 287232K, 100% used [0x00000000e0000000,0x00000000f1880000,0x00000000f1880000)
  from space 12800K, 97% used [0x00000000f3700000,0x00000000f43344c8,0x00000000f4380000)
  to   space 21504K, 0% used [0x00000000f1980000,0x00000000f1980000,0x00000000f2e80000)
 ParOldGen       total 116736K, used 33242K [0x00000000a0000000, 0x00000000a7200000, 0x00000000e0000000)
  object space 116736K, 28% used [0x00000000a0000000,0x00000000a20768c8,0x00000000a7200000)
 Metaspace       used 80948K, capacity 83990K, committed 84184K, reserved 1122304K
  class space    used 10534K, capacity 11148K, committed 11264K, reserved 1048576K
Event: 147.387 GC heap after
Heap after GC invocations=16 (full 3):
 PSYoungGen      total 309760K, used 21488K [0x00000000e0000000, 0x00000000f8480000, 0x0000000100000000)
  eden space 288256K, 0% used [0x00000000e0000000,0x00000000e0000000,0x00000000f1980000)
  from space 21504K, 99% used [0x00000000f1980000,0x00000000f2e7c060,0x00000000f2e80000)
  to   space 27136K, 0% used [0x00000000f6a00000,0x00000000f6a00000,0x00000000f8480000)
 ParOldGen       total 116736K, used 41387K [0x00000000a0000000, 0x00000000a7200000, 0x00000000e0000000)
  object space 116736K, 35% used [0x00000000a0000000,0x00000000a286ae60,0x00000000a7200000)
 Metaspace       used 80948K, capacity 83990K, committed 84184K, reserved 1122304K
  class space    used 10534K, capacity 11148K, committed 11264K, reserved 1048576K
}
Event: 150.072 GC heap before
{Heap before GC invocations=17 (full 3):
 PSYoungGen      total 309760K, used 309744K [0x00000000e0000000, 0x00000000f8480000, 0x0000000100000000)
  eden space 288256K, 100% used [0x00000000e0000000,0x00000000f1980000,0x00000000f1980000)
  from space 21504K, 99% used [0x00000000f1980000,0x00000000f2e7c060,0x00000000f2e80000)
  to   space 27136K, 0% used [0x00000000f6a00000,0x00000000f6a00000,0x00000000f8480000)
 ParOldGen       total 116736K, used 41387K [0x00000000a0000000, 0x00000000a7200000, 0x00000000e0000000)
  object space 116736K, 35% used [0x00000000a0000000,0x00000000a286ae60,0x00000000a7200000)
 Metaspace       used 82382K, capacity 85578K, committed 85848K, reserved 1124352K
  class space    used 10631K, capacity 11278K, committed 11392K, reserved 1048576K
Event: 150.118 GC heap after
Heap after GC invocations=17 (full 3):
 PSYoungGen      total 371712K, used 12094K [0x00000000e0000000, 0x00000000f8680000, 0x0000000100000000)
  eden space 344576K, 0% used [0x00000000e0000000,0x00000000e0000000,0x00000000f5080000)
  from space 27136K, 44% used [0x00000000f6a00000,0x00000000f75cfb98,0x00000000f8480000)
  to   space 26112K, 0% used [0x00000000f5080000,0x00000000f5080000,0x00000000f6a00000)
 ParOldGen       total 116736K, used 49881K [0x00000000a0000000, 0x00000000a7200000, 0x00000000e0000000)
  object space 116736K, 42% used [0x00000000a0000000,0x00000000a30b6660,0x00000000a7200000)
 Metaspace       used 82382K, capacity 85578K, committed 85848K, reserved 1124352K
  class space    used 10631K, capacity 11278K, committed 11392K, reserved 1048576K
}
Event: 152.459 GC heap before
{Heap before GC invocations=18 (full 3):
 PSYoungGen      total 371712K, used 356670K [0x00000000e0000000, 0x00000000f8680000, 0x0000000100000000)
  eden space 344576K, 100% used [0x00000000e0000000,0x00000000f5080000,0x00000000f5080000)
  from space 27136K, 44% used [0x00000000f6a00000,0x00000000f75cfb98,0x00000000f8480000)
  to   space 26112K, 0% used [0x00000000f5080000,0x00000000f5080000,0x00000000f6a00000)
 ParOldGen       total 116736K, used 49881K [0x00000000a0000000, 0x00000000a7200000, 0x00000000e0000000)
  object space 116736K, 42% used [0x00000000a0000000,0x00000000a30b6660,0x00000000a7200000)
 Metaspace       used 83036K, capacity 86344K, committed 86616K, reserved 1124352K
  class space    used 10665K, capacity 11315K, committed 11392K, reserved 1048576K
Event: 152.535 GC heap after
Heap after GC invocations=18 (full 3):
 PSYoungGen      total 370688K, used 22710K [0x00000000e0000000, 0x00000000fdb00000, 0x0000000100000000)
  eden space 344576K, 0% used [0x00000000e0000000,0x00000000e0000000,0x00000000f5080000)
  from space 26112K, 86% used [0x00000000f5080000,0x00000000f66adbe0,0x00000000f6a00000)
  to   space 28160K, 0% used [0x00000000fbf80000,0x00000000fbf80000,0x00000000fdb00000)
 ParOldGen       total 116736K, used 49881K [0x00000000a0000000, 0x00000000a7200000, 0x00000000e0000000)
  object space 116736K, 42% used [0x00000000a0000000,0x00000000a30b6660,0x00000000a7200000)
 Metaspace       used 83036K, capacity 86344K, committed 86616K, reserved 1124352K
  class space    used 10665K, capacity 11315K, committed 11392K, reserved 1048576K
}
Event: 154.161 GC heap before
{Heap before GC invocations=19 (full 3):
 PSYoungGen      total 370688K, used 367286K [0x00000000e0000000, 0x00000000fdb00000, 0x0000000100000000)
  eden space 344576K, 100% used [0x00000000e0000000,0x00000000f5080000,0x00000000f5080000)
  from space 26112K, 86% used [0x00000000f5080000,0x00000000f66adbe0,0x00000000f6a00000)
  to   space 28160K, 0% used [0x00000000fbf80000,0x00000000fbf80000,0x00000000fdb00000)
 ParOldGen       total 116736K, used 49881K [0x00000000a0000000, 0x00000000a7200000, 0x00000000e0000000)
  object space 116736K, 42% used [0x00000000a0000000,0x00000000a30b6660,0x00000000a7200000)
 Metaspace       used 83175K, capacity 86498K, committed 86616K, reserved 1124352K
  class space    used 10669K, capacity 11318K, committed 11392K, reserved 1048576K
Event: 154.421 GC heap after
Heap after GC invocations=19 (full 3):
 PSYoungGen      total 372736K, used 24964K [0x00000000e0000000, 0x00000000fdb00000, 0x0000000100000000)
  eden space 344576K, 0% used [0x00000000e0000000,0x00000000e0000000,0x00000000f5080000)
  from space 28160K, 88% used [0x00000000fbf80000,0x00000000fd7e1318,0x00000000fdb00000)
  to   space 26112K, 0% used [0x00000000f5080000,0x00000000f5080000,0x00000000f6a00000)
 ParOldGen       total 116736K, used 49889K [0x00000000a0000000, 0x00000000a7200000, 0x00000000e0000000)
  object space 116736K, 42% used [0x00000000a0000000,0x00000000a30b8660,0x00000000a7200000)
 Metaspace       used 83175K, capacity 86498K, committed 86616K, reserved 1124352K
  class space    used 10669K, capacity 11318K, committed 11392K, reserved 1048576K
}

